<?xml version="1.0" encoding="UTF-8"?>
<testsuite name="TestSeleniumJUnit" tests="1" skipped="0" failures="0" errors="0" timestamp="2021-09-07T12:08:44" hostname="SAMIA-PC" time="47.42">
  <properties/>
  <testcase name="handleMultipleTab" classname="TestSeleniumJUnit" time="47.42"/>
  <system-out><![CDATA[New tab title: ToolsQA
]]></system-out>
  <system-err><![CDATA[1631016525799	geckodriver	INFO	Listening on 127.0.0.1:6948
1631016526379	mozrunner::runner	INFO	Running command: "C:\\Program Files (x86)\\Mozilla Firefox\\firefox.exe" "--marionette" "--headed" "-foreground" "-no-remote" "-profile" "C:\\Users\\AKTER~1.SAM\\AppData\\Local\\Temp\\rust_mozprofileV32I9T"
1631016527671	Marionette	INFO	Marionette enabled
console.warn: SearchSettings: "get: No settings file exists, new profile?" (new NotFoundError("Could not open the file at C:\\Users\\akter.samia\\AppData\\Local\\Temp\\rust_mozprofileV32I9T\\search.json.mozlz4", (void 0)))
1631016533149	Marionette	INFO	Listening on port 57873
1631016533669	RemoteAgent	WARN	TLS certificate errors will be ignored for this session
Sep 07, 2021 6:08:53 PM org.openqa.selenium.remote.ProtocolHandshake createSession
INFO: Detected dialect: W3C
JavaScript warning: https://pagead2.googlesyndication.com/bg/_KGu62JP3w4V72mm3cmDaqkgOPwqP-vkWuOQlm7wfU0.js line 1 > eval line 5591 > eval line 1 > eval, line 1: WEBGL_debug_renderer_info is deprecated in Firefox and will be removed. Please use RENDERER.
JavaScript warning: https://z.moatads.com/mindgruvedcmdisplay687319393800/moatad.js#moatClientLevel1=25929012&moatClientLevel2=6827892&moatClientLevel3=310740949&moatClientLevel4=155796228&zMoatG=ct=BD&st=&city=0&dma=0&zp=1215&bw=4&zMoatUSER=0&zMoatADV=10744389, line 251: WEBGL_debug_renderer_info is deprecated in Firefox and will be removed. Please use RENDERER.
JavaScript warning: https://pagead2.googlesyndication.com/bg/_KGu62JP3w4V72mm3cmDaqkgOPwqP-vkWuOQlm7wfU0.js line 1 > eval line 1531 > eval, line 1: WEBGL_debug_renderer_info is deprecated in Firefox and will be removed. Please use RENDERER.
JavaScript warning: https://pagead2.googlesyndication.com/bg/_KGu62JP3w4V72mm3cmDaqkgOPwqP-vkWuOQlm7wfU0.js line 1 > eval line 5270 > eval, line 1: WEBGL_debug_renderer_info is deprecated in Firefox and will be removed. Please use RENDERER.
JavaScript error: , line 0: TypeError: NetworkError when attempting to fetch resource.
1631016570711	Marionette	INFO	Stopped listening on port 57873
JavaScript error: resource:///modules/Interactions.jsm, line 230: NS_ERROR_FAILURE: Component returned failure code: 0x80004005 (NS_ERROR_FAILURE) [nsIUserIdleService.removeIdleObserver]

###!!! [Child][MessageChannel] Error: (msgtype=0x590008,name=PHttpChannel::Msg_DeletingChannel) Channel closing: too late to send/recv, messages will be lost


###!!! [Parent][MessageChannel] Error: (msgtype=0x390077,name=PContent::Msg_DestroyBrowsingContextGroup) Closed channel: cannot send/recv


###!!! [Child][MessageChannel] Error: (msgtype=0x690014,name=PNecko::Msg_PredLearn) Channel closing: too late to send/recv, messages will be lost


###!!! [Child][RunMessage] Error: Channel closing: too late to send/recv, messages will be lost


###!!! [Child][RunMessage] Error: Channel closing: too late to send/recv, messages will be lost


###!!! [Child][RunMessage] Error: Channel closing: too late to send/recv, messages will be lost


###!!! [Child][RunMessage] Error: Channel closing: too late to send/recv, messages will be lost


###!!! [Child][RunMessage] Error: Channel closing: too late to send/recv, messages will be lost


###!!! [Child][RunMessage] Error: Channel closing: too late to send/recv, messages will be lost


###!!! [Child][RunMessage] Error: Channel closing: too late to send/recv, messages will be lost


###!!! [Child][RunMessage] Error: Channel closing: too late to send/recv, messages will be lost


###!!! [Child][RunMessage] Error: Channel closing: too late to send/recv, messages will be lost

]]></system-err>
</testsuite>
